#
# There is insufficient memory for the Java Runtime Environment to continue.
# Native memory allocation (malloc) failed to allocate 32744 bytes for ChunkPool::allocate
# Possible reasons:
#   The system is out of physical RAM or swap space
#   In 32 bit mode, the process size limit was hit
# Possible solutions:
#   Reduce memory load on the system
#   Increase physical memory or swap space
#   Check if swap backing store is full
#   Use 64 bit Java on a 64 bit OS
#   Decrease Java heap size (-Xmx/-Xms)
#   Decrease number of Java threads
#   Decrease Java thread stack sizes (-Xss)
#   Set larger code cache with -XX:ReservedCodeCacheSize=
# This output file may be truncated or incomplete.
#
#  Out of Memory Error (allocation.cpp:273), pid=9260, tid=0x0000000000000510
#
# JRE version: Java(TM) SE Runtime Environment (8.0_101-b13) (build 1.8.0_101-b13)
# Java VM: Java HotSpot(TM) 64-Bit Server VM (25.101-b13 mixed mode windows-amd64 compressed oops)
# Failed to write core dump. Minidumps are not enabled by default on client versions of Windows
#

---------------  T H R E A D  ---------------

Current thread (0x000000001492b000):  JavaThread "C2 CompilerThread0" daemon [_thread_in_native, id=1296, stack(0x0000000015e20000,0x0000000015f20000)]

Stack: [0x0000000015e20000,0x0000000015f20000]
[error occurred during error reporting (printing stack bounds), id 0xc0000005]

Native frames: (J=compiled Java code, j=interpreted, Vv=VM code, C=native code)


Current CompileTask:
C2:   3398 1435   !   4       com.android.dx.cf.code.BytecodeArray::parseInstruction (2764 bytes)


---------------  P R O C E S S  ---------------

Java Threads: ( => current thread )
  0x0000000016727800 JavaThread "pool-2-thread-4" [_thread_blocked, id=9744, stack(0x0000000017320000,0x0000000017420000)]
  0x0000000016727000 JavaThread "pool-2-thread-3" [_thread_in_Java, id=5108, stack(0x0000000017220000,0x0000000017320000)]
  0x0000000016743800 JavaThread "pool-2-thread-2" [_thread_blocked, id=6664, stack(0x0000000017120000,0x0000000017220000)]
  0x0000000016743000 JavaThread "pool-3-thread-1" [_thread_blocked, id=5408, stack(0x0000000017020000,0x0000000017120000)]
  0x000000001625d800 JavaThread "pool-2-thread-1" [_thread_blocked, id=5600, stack(0x0000000016f20000,0x0000000017020000)]
  0x0000000015f80000 JavaThread "Service Thread" daemon [_thread_blocked, id=9288, stack(0x0000000016520000,0x0000000016620000)]
  0x0000000015f7a000 JavaThread "C1 CompilerThread2" daemon [_thread_blocked, id=4016, stack(0x0000000016420000,0x0000000016520000)]
  0x0000000015f73800 JavaThread "C2 CompilerThread1" daemon [_thread_in_native, id=4904, stack(0x0000000016320000,0x0000000016420000)]
=>0x000000001492b000 JavaThread "C2 CompilerThread0" daemon [_thread_in_native, id=1296, stack(0x0000000015e20000,0x0000000015f20000)]
  0x0000000014929000 JavaThread "Attach Listener" daemon [_thread_blocked, id=7620, stack(0x0000000015d20000,0x0000000015e20000)]
  0x00000000148de000 JavaThread "Signal Dispatcher" daemon [_thread_blocked, id=6832, stack(0x0000000015c20000,0x0000000015d20000)]
  0x00000000021fa800 JavaThread "Finalizer" daemon [_thread_blocked, id=10880, stack(0x0000000015b20000,0x0000000015c20000)]
  0x0000000014899000 JavaThread "Reference Handler" daemon [_thread_blocked, id=1252, stack(0x0000000015a20000,0x0000000015b20000)]
  0x0000000002100800 JavaThread "main" [_thread_blocked, id=2044, stack(0x0000000001c40000,0x0000000001d40000)]

Other Threads:
  0x0000000014896800 VMThread [stack: 0x0000000015920000,0x0000000015a20000] [id=8644]
  0x0000000015fc4000 WatcherThread [stack: 0x0000000016620000,0x0000000016720000] [id=8408]

VM state:not at safepoint (normal execution)

VM Mutex/Monitor currently owned by a thread: None

Heap:
 PSYoungGen      total 35328K, used 6515K [0x00000000eab00000, 0x00000000ef000000, 0x0000000100000000)
  eden space 32768K, 12% used [0x00000000eab00000,0x00000000eaedcc30,0x00000000ecb00000)
  from space 2560K, 100% used [0x00000000ecb00000,0x00000000ecd80000,0x00000000ecd80000)
  to   space 2560K, 0% used [0x00000000eed80000,0x00000000eed80000,0x00000000ef000000)
 ParOldGen       total 44032K, used 7063K [0x00000000c0000000, 0x00000000c2b00000, 0x00000000eab00000)
  object space 44032K, 16% used [0x00000000c0000000,0x00000000c06e5ef8,0x00000000c2b00000)
 Metaspace       used 6105K, capacity 7088K, committed 7296K, reserved 1056768K
  class space    used 594K, capacity 616K, committed 640K, reserved 1048576K

Card table byte_map: [0x00000000115c0000,0x00000000117d0000] byte_map_base: 0x0000000010fc0000

Marking Bits: (ParMarkBitMap*) 0x00000000537fa6d0
 Begin Bits: [0x0000000011d30000, 0x0000000012d30000)
 End Bits:   [0x0000000012d30000, 0x0000000013d30000)

Polling page: 0x0000000000320000

CodeCache: size=245760Kb used=5919Kb max_used=5919Kb free=239840Kb
 bounds [0x0000000002200000, 0x00000000027d0000, 0x0000000011200000]
 total_blobs=1714 nmethods=1449 adapters=178
 compilation: enabled

Compilation events (10 events):
Event: 3.379 Thread 0x0000000015f7a000 1462       3       java.util.TreeMap::entrySet (27 bytes)
Event: 3.380 Thread 0x0000000015f7a000 nmethod 1462 0x00000000027c2350 code [0x00000000027c24c0, 0x00000000027c2850]
Event: 3.380 Thread 0x0000000015f7a000 1463       3       java.util.TreeMap$EntrySet::iterator (19 bytes)
Event: 3.380 Thread 0x0000000015f7a000 nmethod 1463 0x00000000027c1a50 code [0x00000000027c1be0, 0x00000000027c20f0]
Event: 3.380 Thread 0x0000000015f7a000 1464       3       java.util.TreeMap$EntryIterator::<init> (12 bytes)
Event: 3.380 Thread 0x0000000015f7a000 nmethod 1464 0x00000000027c1550 code [0x00000000027c16c0, 0x00000000027c1930]
Event: 3.380 Thread 0x0000000015f7a000 1480       1       com.android.dx.cf.code.Ropper$ExceptionHandlerSetup::getLabel (5 bytes)
Event: 3.380 Thread 0x0000000015f7a000 nmethod 1480 0x00000000027b5390 code [0x00000000027b54e0, 0x00000000027b55f0]
Event: 3.380 Thread 0x0000000015f7a000 1481       1       com.android.dx.rop.code.ThrowingInsn::getCatches (5 bytes)
Event: 3.381 Thread 0x0000000015f7a000 nmethod 1481 0x00000000027c1290 code [0x00000000027c13e0, 0x00000000027c14f0]

GC Heap History (6 events):
Event: 1.274 GC heap before
{Heap before GC invocations=1 (full 0):
 PSYoungGen      total 18944K, used 16384K [0x00000000eab00000, 0x00000000ec000000, 0x0000000100000000)
  eden space 16384K, 100% used [0x00000000eab00000,0x00000000ebb00000,0x00000000ebb00000)
  from space 2560K, 0% used [0x00000000ebd80000,0x00000000ebd80000,0x00000000ec000000)
  to   space 2560K, 0% used [0x00000000ebb00000,0x00000000ebb00000,0x00000000ebd80000)
 ParOldGen       total 44032K, used 0K [0x00000000c0000000, 0x00000000c2b00000, 0x00000000eab00000)
  object space 44032K, 0% used [0x00000000c0000000,0x00000000c0000000,0x00000000c2b00000)
 Metaspace       used 4200K, capacity 5392K, committed 5760K, reserved 1056768K
  class space    used 467K, capacity 520K, committed 640K, reserved 1048576K
Event: 1.378 GC heap after
Heap after GC invocations=1 (full 0):
 PSYoungGen      total 18944K, used 2010K [0x00000000eab00000, 0x00000000ed000000, 0x0000000100000000)
  eden space 16384K, 0% used [0x00000000eab00000,0x00000000eab00000,0x00000000ebb00000)
  from space 2560K, 78% used [0x00000000ebb00000,0x00000000ebcf6a58,0x00000000ebd80000)
  to   space 2560K, 0% used [0x00000000ecd80000,0x00000000ecd80000,0x00000000ed000000)
 ParOldGen       total 44032K, used 8K [0x00000000c0000000, 0x00000000c2b00000, 0x00000000eab00000)
  object space 44032K, 0% used [0x00000000c0000000,0x00000000c0002000,0x00000000c2b00000)
 Metaspace       used 4200K, capacity 5392K, committed 5760K, reserved 1056768K
  class space    used 467K, capacity 520K, committed 640K, reserved 1048576K
}
Event: 2.132 GC heap before
{Heap before GC invocations=2 (full 0):
 PSYoungGen      total 18944K, used 18394K [0x00000000eab00000, 0x00000000ed000000, 0x0000000100000000)
  eden space 16384K, 100% used [0x00000000eab00000,0x00000000ebb00000,0x00000000ebb00000)
  from space 2560K, 78% used [0x00000000ebb00000,0x00000000ebcf6a58,0x00000000ebd80000)
  to   space 2560K, 0% used [0x00000000ecd80000,0x00000000ecd80000,0x00000000ed000000)
 ParOldGen       total 44032K, used 8K [0x00000000c0000000, 0x00000000c2b00000, 0x00000000eab00000)
  object space 44032K, 0% used [0x00000000c0000000,0x00000000c0002000,0x00000000c2b00000)
 Metaspace       used 5825K, capacity 6832K, committed 7040K, reserved 1056768K
  class space    used 589K, capacity 616K, committed 640K, reserved 1048576K
Event: 2.413 GC heap after
Heap after GC invocations=2 (full 0):
 PSYoungGen      total 35328K, used 2548K [0x00000000eab00000, 0x00000000ed000000, 0x0000000100000000)
  eden space 32768K, 0% used [0x00000000eab00000,0x00000000eab00000,0x00000000ecb00000)
  from space 2560K, 99% used [0x00000000ecd80000,0x00000000ecffd0b8,0x00000000ed000000)
  to   space 2560K, 0% used [0x00000000ecb00000,0x00000000ecb00000,0x00000000ecd80000)
 ParOldGen       total 44032K, used 2038K [0x00000000c0000000, 0x00000000c2b00000, 0x00000000eab00000)
  object space 44032K, 4% used [0x00000000c0000000,0x00000000c01fdbf0,0x00000000c2b00000)
 Metaspace       used 5825K, capacity 6832K, committed 7040K, reserved 1056768K
  class space    used 589K, capacity 616K, committed 640K, reserved 1048576K
}
Event: 3.256 GC heap before
{Heap before GC invocations=3 (full 0):
 PSYoungGen      total 35328K, used 35316K [0x00000000eab00000, 0x00000000ed000000, 0x0000000100000000)
  eden space 32768K, 100% used [0x00000000eab00000,0x00000000ecb00000,0x00000000ecb00000)
  from space 2560K, 99% used [0x00000000ecd80000,0x00000000ecffd0b8,0x00000000ed000000)
  to   space 2560K, 0% used [0x00000000ecb00000,0x00000000ecb00000,0x00000000ecd80000)
 ParOldGen       total 44032K, used 2038K [0x00000000c0000000, 0x00000000c2b00000, 0x00000000eab00000)
  object space 44032K, 4% used [0x00000000c0000000,0x00000000c01fdbf0,0x00000000c2b00000)
 Metaspace       used 6100K, capacity 7024K, committed 7296K, reserved 1056768K
  class space    used 594K, capacity 616K, committed 640K, reserved 1048576K
Event: 3.354 GC heap after
Heap after GC invocations=3 (full 0):
 PSYoungGen      total 35328K, used 2560K [0x00000000eab00000, 0x00000000ef000000, 0x0000000100000000)
  eden space 32768K, 0% used [0x00000000eab00000,0x00000000eab00000,0x00000000ecb00000)
  from space 2560K, 100% used [0x00000000ecb00000,0x00000000ecd80000,0x00000000ecd80000)
  to   space 2560K, 0% used [0x00000000eed80000,0x00000000eed80000,0x00000000ef000000)
 ParOldGen       total 44032K, used 7063K [0x00000000c0000000, 0x00000000c2b00000, 0x00000000eab00000)
  object space 44032K, 16% used [0x00000000c0000000,0x00000000c06e5ef8,0x00000000c2b00000)
 Metaspace       used 6100K, capacity 7024K, committed 7296K, reserved 1056768K
  class space    used 594K, capacity 616K, committed 640K, reserved 1048576K
}

Deoptimization events (10 events):
Event: 2.064 Thread 0x000000001625d800 Uncommon trap: reason=unstable_if action=reinterpret pc=0x00000000024562d0 method=java.util.HashMap.getNode(ILjava/lang/Object;)Ljava/util/HashMap$Node; @ 129
Event: 2.102 Thread 0x0000000002100800 Uncommon trap: reason=class_check action=maybe_recompile pc=0x00000000024dd128 method=com.android.dx.rop.type.Type.equals(Ljava/lang/Object;)Z @ 8
Event: 2.103 Thread 0x0000000002100800 Uncommon trap: reason=class_check action=maybe_recompile pc=0x0000000002561598 method=com.android.dx.rop.type.Type.equals(Ljava/lang/Object;)Z @ 8
Event: 2.103 Thread 0x0000000002100800 Uncommon trap: reason=class_check action=maybe_recompile pc=0x0000000002561598 method=com.android.dx.rop.type.Type.equals(Ljava/lang/Object;)Z @ 8
Event: 2.433 Thread 0x0000000016743800 Uncommon trap: reason=class_check action=maybe_recompile pc=0x0000000002561598 method=com.android.dx.rop.type.Type.equals(Ljava/lang/Object;)Z @ 8
Event: 2.433 Thread 0x0000000016743800 Uncommon trap: reason=class_check action=maybe_recompile pc=0x00000000024dd128 method=com.android.dx.rop.type.Type.equals(Ljava/lang/Object;)Z @ 8
Event: 2.444 Thread 0x0000000016727800 Uncommon trap: reason=class_check action=maybe_recompile pc=0x0000000002525da8 method=com.android.dx.rop.type.Type.equals(Ljava/lang/Object;)Z @ 8
Event: 2.490 Thread 0x0000000016727800 Uncommon trap: reason=unstable_if action=reinterpret pc=0x000000000242d170 method=java.util.BitSet.nextSetBit(I)I @ 87
Event: 2.505 Thread 0x0000000002100800 Uncommon trap: reason=unstable_if action=reinterpret pc=0x00000000026143c0 method=java.util.BitSet.nextSetBit(I)I @ 87
Event: 2.521 Thread 0x0000000016727800 Uncommon trap: reason=unstable_if action=reinterpret pc=0x00000000024dff1c method=com.android.dx.rop.cst.Constant.compareTo(Lcom/android/dx/rop/cst/Constant;)I @ 12

Internal exceptions (2 events):
Event: 0.104 Thread 0x0000000002100800 Exception <a 'java/lang/NoSuchMethodError': Method sun.misc.Unsafe.defineClass(Ljava/lang/String;[BII)Ljava/lang/Class; name or signature does not match> (0x00000000eab07cc0) thrown at [C:\re\workspace\8-2-build-windows-amd64-cygwin\jdk8u101\7261\hotspot\sç_kêË¼º?
Event: 0.104 Thread 0x0000000002100800 Exception <a 'java/lang/NoSuchMethodError': Method sun.misc.Unsafe.prefetchRead(Ljava/lang/Object;J)V name or signature does not match> (0x00000000eab07fa8) thrown at [C:\re\workspace\8-2-build-windows-amd64-cygwin\jdk8u101\7261\hotspot\src\share\vm\prims\

Events (10 events):
Event: 2.490 Thread 0x0000000016727800 DEOPT PACKING pc=0x000000000242d170 sp=0x000000001741ebf0
Event: 2.490 Thread 0x0000000016727800 DEOPT UNPACKING pc=0x000000000224582a sp=0x000000001741eb88 mode 2
Event: 2.505 Thread 0x0000000002100800 Uncommon trap: trap_request=0xffffff65 fr.pc=0x00000000026143c0
Event: 2.505 Thread 0x0000000002100800 DEOPT PACKING pc=0x00000000026143c0 sp=0x0000000001d3e3c0
Event: 2.505 Thread 0x0000000002100800 DEOPT UNPACKING pc=0x000000000224582a sp=0x0000000001d3e320 mode 2
Event: 2.521 Thread 0x0000000016727800 Uncommon trap: trap_request=0xffffff65 fr.pc=0x00000000024dff1c
Event: 2.521 Thread 0x0000000016727800 DEOPT PACKING pc=0x00000000024dff1c sp=0x000000001741e7c0
Event: 2.521 Thread 0x0000000016727800 DEOPT UNPACKING pc=0x000000000224582a sp=0x000000001741e760 mode 2
Event: 3.219 Executing VM operation: ParallelGCFailedAllocation
Event: 3.354 Executing VM operation: ParallelGCFailedAllocation done


Dynamic libraries:
0x00007ff718320000 - 0x00007ff718357000 	C:\Program Files\Java\jdk1.8.0_101\bin\java.exe
0x00007ffbfa210000 - 0x00007ffbfa3bd000 	C:\Windows\SYSTEM32\ntdll.dll
0x00007ffbf7bf0000 - 0x00007ffbf7d2e000 	C:\Windows\system32\KERNEL32.DLL
0x00007ffbf7770000 - 0x00007ffbf7885000 	C:\Windows\system32\KERNELBASE.dll
0x00007ffbf5ef0000 - 0x00007ffbf5f7e000 	C:\Windows\system32\apphelp.dll
0x00007ffbe8080000 - 0x00007ffbe80d3000 	C:\Windows\AppPatch\AppPatch64\AcGenral.DLL
0x00007ffbf82d0000 - 0x00007ffbf837a000 	C:\Windows\system32\msvcrt.dll
0x00007ffbf74b0000 - 0x00007ffbf74de000 	C:\Windows\system32\SspiCli.dll
0x00007ffbf9ec0000 - 0x00007ffbf9f14000 	C:\Windows\system32\SHLWAPI.dll
0x00007ffbf7a70000 - 0x00007ffbf7be7000 	C:\Windows\system32\USER32.dll
0x00007ffbf8130000 - 0x00007ffbf82c4000 	C:\Windows\system32\ole32.dll
0x00007ffbf87c0000 - 0x00007ffbf9ce8000 	C:\Windows\system32\SHELL32.dll
0x00007ffbf6970000 - 0x00007ffbf6991000 	C:\Windows\SYSTEM32\USERENV.dll
0x00007ffbf9cf0000 - 0x00007ffbf9d9a000 	C:\Windows\system32\ADVAPI32.dll
0x00007ffbefef0000 - 0x00007ffbeff0e000 	C:\Windows\SYSTEM32\MPR.dll
0x00007ffbf9f20000 - 0x00007ffbfa060000 	C:\Windows\system32\RPCRT4.dll
0x00007ffbfa060000 - 0x00007ffbfa0b9000 	C:\Windows\SYSTEM32\sechost.dll
0x00007ffbf85a0000 - 0x00007ffbf87b1000 	C:\Windows\SYSTEM32\combase.dll
0x00007ffbfa0c0000 - 0x00007ffbfa20f000 	C:\Windows\system32\GDI32.dll
0x00007ffbf7330000 - 0x00007ffbf7345000 	C:\Windows\SYSTEM32\profapi.dll
0x00007ffbf5770000 - 0x00007ffbf5822000 	C:\Windows\SYSTEM32\SHCORE.dll
0x00007ffbf9e80000 - 0x00007ffbf9eb6000 	C:\Windows\system32\IMM32.DLL
0x00007ffbf7fb0000 - 0x00007ffbf8102000 	C:\Windows\system32\MSCTF.dll
0x00007ffbf5010000 - 0x00007ffbf528b000 	C:\Windows\WinSxS\amd64_microsoft.windows.common-controls_6595b64144ccf1df_6.0.9600.18006_none_623f33d3ecbe86e8\COMCTL32.dll
0x0000000053880000 - 0x0000000053952000 	C:\Program Files\Java\jdk1.8.0_101\jre\bin\msvcr100.dll
0x0000000052fe0000 - 0x000000005387a000 	C:\Program Files\Java\jdk1.8.0_101\jre\bin\server\jvm.dll
0x00007ffbe6ce0000 - 0x00007ffbe6ce9000 	C:\Windows\SYSTEM32\WSOCK32.dll
0x00007ffbf1860000 - 0x00007ffbf1882000 	C:\Windows\SYSTEM32\WINMM.dll
0x00007ffbf0850000 - 0x00007ffbf085a000 	C:\Windows\SYSTEM32\VERSION.dll
0x00007ffbf7e20000 - 0x00007ffbf7e27000 	C:\Windows\system32\PSAPI.DLL
0x00007ffbf7dc0000 - 0x00007ffbf7e1a000 	C:\Windows\system32\WS2_32.dll
0x00007ffbf1830000 - 0x00007ffbf185a000 	C:\Windows\SYSTEM32\WINMMBASE.dll
0x00007ffbf7d40000 - 0x00007ffbf7d49000 	C:\Windows\system32\NSI.dll
0x00007ffbf76c0000 - 0x00007ffbf770f000 	C:\Windows\SYSTEM32\cfgmgr32.dll
0x00007ffbf6150000 - 0x00007ffbf6178000 	C:\Windows\SYSTEM32\DEVOBJ.dll
0x0000000052fd0000 - 0x0000000052fdf000 	C:\Program Files\Java\jdk1.8.0_101\jre\bin\verify.dll
0x0000000052fa0000 - 0x0000000052fc9000 	C:\Program Files\Java\jdk1.8.0_101\jre\bin\java.dll
0x0000000052f80000 - 0x0000000052f96000 	C:\Program Files\Java\jdk1.8.0_101\jre\bin\zip.dll

VM Arguments:
jvm_args: -Djava.awt.headless=true -Xmx1024M -Dfile.encoding=x-windows-949 -Duser.country=KR -Duser.language=ko -Duser.variant 
java_command: com.android.dx.command.Main --dex --force-jumbo --num-threads=4 --multi-dex --output C:\smartapp\namook\Mylocation\app\build\intermediates\transforms\dex\debug\folders\1000\10\com.android.support-support-compat-25.1.0_1847d52057a08d3cba80ae332a69b54deede2ba9 C:\smartapp\namook\Mylocation\app\build\intermediates\exploded-aar\com.android.support\support-compat\25.1.0\jars\classes.jar
java_class_path (initial): C:\Users\woong\AppData\Local\Android\sdk\build-tools\25.0.2\lib\dx.jar
Launcher Type: SUN_STANDARD

Environment Variables:
PATH=C:\ProgramData\Oracle\Java\javapath;C:\Windows\system32;C:\Windows;C:\Windows\System32\Wbem;C:\Windows\System32\WindowsPowerShell\v1.0\;C:\Program Files\Microsoft SQL Server\120\Tools\Binn\;C:\Program Files\Microsoft SQL Server\130\Tools\Binn\;C:\Program Files (x86)\Windows Kits\8.1\Windows Performance Toolkit\;C:\Program Files\Microsoft SQL Server\110\Tools\Binn\;C:\Program Files\nodejs\;C:\Program Files\Java\jdk1.8.0_111\bin;C:\Android\sdks;C:\Android\sdks\platform-tools;C:\Users\woong\android-sdks;C:\Program Files\Git\cmd;C:\Program Files\Java\jdk1.8.0_101\bin;C:\Users\woong\AppData\Local\atom\bin;C:\Users\woong\AppData\Roaming\npm;C:\Program Files\Java\jdk1.8.0_111\bin;C:\Android\sdk;C:\Android\sdk\platform-tools;C:\Users\woong\android-sdks;C:\Program Files (x86)\ESTsoft\ALSee\x64
USERNAME=woong
OS=Windows_NT
PROCESSOR_IDENTIFIER=Intel64 Family 6 Model 78 Stepping 3, GenuineIntel



---------------  S Y S T E M  ---------------

OS: Windows 8.1 , 64 bit Build 9600 (6.3.9600.17415)

CPU:total 4 (2 cores per cpu, 2 threads per core) family 6 model 78 stepping 3, cmov, cx8, fxsr, mmx, sse, sse2, sse3, ssse3, sse4.1, sse4.2, popcnt, avx, avx2, aes, clmul, erms, 3dnowpref, lzcnt, ht, tsc, tscinvbit, bmi1, bmi2, adx

Memory: 4k page, physical 4090880k(250736k free), swap 7236608k(5128k free)

vm_info: Java HotSpot(TM) 64-Bit Server VM (25.101-b13) for windows-amd64 JRE (1.8.0_101-b13), built on Jun 22 2016 01:21:29 by "java_re" with MS VC++ 10.0 (VS2010)

time: Tue May 02 00:28:35 2017
elapsed time: 3 seconds (0d 0h 0m 3s)

