#
# There is insufficient memory for the Java Runtime Environment to continue.
# Native memory allocation (malloc) failed to allocate 32744 bytes for ChunkPool::allocate
# Possible reasons:
#   The system is out of physical RAM or swap space
#   In 32 bit mode, the process size limit was hit
# Possible solutions:
#   Reduce memory load on the system
#   Increase physical memory or swap space
#   Check if swap backing store is full
#   Use 64 bit Java on a 64 bit OS
#   Decrease Java heap size (-Xmx/-Xms)
#   Decrease number of Java threads
#   Decrease Java thread stack sizes (-Xss)
#   Set larger code cache with -XX:ReservedCodeCacheSize=
# This output file may be truncated or incomplete.
#
#  Out of Memory Error (allocation.cpp:273), pid=9972, tid=0x0000000000002518
#
# JRE version: Java(TM) SE Runtime Environment (8.0_101-b13) (build 1.8.0_101-b13)
# Java VM: Java HotSpot(TM) 64-Bit Server VM (25.101-b13 mixed mode windows-amd64 compressed oops)
# Failed to write core dump. Minidumps are not enabled by default on client versions of Windows
#

---------------  T H R E A D  ---------------

Current thread (0x00000000151fb000):  JavaThread "C2 CompilerThread0" daemon [_thread_in_native, id=9496, stack(0x00000000166f0000,0x00000000167f0000)]

Stack: [0x00000000166f0000,0x00000000167f0000]
[error occurred during error reporting (printing stack bounds), id 0xc0000005]

Native frames: (J=compiled Java code, j=interpreted, Vv=VM code, C=native code)


Current CompileTask:
C2:   3399 1487   !   4       com.android.dx.cf.code.BytecodeArray::parseInstruction (2764 bytes)


---------------  P R O C E S S  ---------------

Java Threads: ( => current thread )
  0x000000001698b000 JavaThread "pool-1-thread-1" [_thread_new, id=4552, stack(0x0000000000000000,0x0000000000000000)]
  0x0000000016850000 JavaThread "Service Thread" daemon [_thread_blocked, id=1892, stack(0x0000000016df0000,0x0000000016ef0000)]
  0x000000001684a000 JavaThread "C1 CompilerThread2" daemon [_thread_blocked, id=10764, stack(0x0000000016cf0000,0x0000000016df0000)]
  0x00000000151fd000 JavaThread "C2 CompilerThread1" daemon [_thread_in_native, id=6788, stack(0x0000000016bf0000,0x0000000016cf0000)]
=>0x00000000151fb000 JavaThread "C2 CompilerThread0" daemon [_thread_in_native, id=9496, stack(0x00000000166f0000,0x00000000167f0000)]
  0x00000000151f9000 JavaThread "Attach Listener" daemon [_thread_blocked, id=948, stack(0x00000000165f0000,0x00000000166f0000)]
  0x00000000151f8000 JavaThread "Signal Dispatcher" daemon [_thread_blocked, id=1144, stack(0x00000000164f0000,0x00000000165f0000)]
  0x0000000002aca800 JavaThread "Finalizer" daemon [_thread_blocked, id=8716, stack(0x00000000163f0000,0x00000000164f0000)]
  0x0000000015169000 JavaThread "Reference Handler" daemon [_thread_blocked, id=8332, stack(0x00000000162f0000,0x00000000163f0000)]
  0x00000000029d0800 JavaThread "main" [_thread_blocked, id=11044, stack(0x0000000002880000,0x0000000002980000)]

Other Threads:
  0x0000000015167000 VMThread [stack: 0x00000000161f0000,0x00000000162f0000] [id=10348]
  0x00000000168ba800 WatcherThread [stack: 0x0000000016ef0000,0x0000000016ff0000] [id=10960]

VM state:not at safepoint (normal execution)

VM Mutex/Monitor currently owned by a thread: None

Heap:
 PSYoungGen      total 18944K, used 12385K [0x00000000eab00000, 0x00000000ed000000, 0x0000000100000000)
  eden space 16384K, 60% used [0x00000000eab00000,0x00000000eb49e0d0,0x00000000ebb00000)
  from space 2560K, 99% used [0x00000000ebb00000,0x00000000ebd7a638,0x00000000ebd80000)
  to   space 2560K, 0% used [0x00000000ecd80000,0x00000000ecd80000,0x00000000ed000000)
 ParOldGen       total 44032K, used 7320K [0x00000000c0000000, 0x00000000c2b00000, 0x00000000eab00000)
  object space 44032K, 16% used [0x00000000c0000000,0x00000000c07262a8,0x00000000c2b00000)
 Metaspace       used 6135K, capacity 7088K, committed 7296K, reserved 1056768K
  class space    used 597K, capacity 616K, committed 640K, reserved 1048576K

Card table byte_map: [0x0000000011e90000,0x00000000120a0000] byte_map_base: 0x0000000011890000

Marking Bits: (ParMarkBitMap*) 0x00000000537fa6d0
 Begin Bits: [0x0000000012600000, 0x0000000013600000)
 End Bits:   [0x0000000013600000, 0x0000000014600000)

Polling page: 0x0000000000d00000

CodeCache: size=245760Kb used=5983Kb max_used=5994Kb free=239776Kb
 bounds [0x0000000002ad0000, 0x00000000030c0000, 0x0000000011ad0000]
 total_blobs=1773 nmethods=1508 adapters=178
 compilation: enabled

Compilation events (10 events):
Event: 3.106 Thread 0x00000000151fd000 nmethod 1513 0x00000000030a9350 code [0x00000000030a9660, 0x00000000030ab9b0]
Event: 3.106 Thread 0x00000000151fd000 1491       4       com.android.dx.ssa.SsaRenamer$BlockRenamer::processResultReg (56 bytes)
Event: 3.150 Thread 0x00000000151fd000 nmethod 1491 0x00000000030aebd0 code [0x00000000030aed80, 0x00000000030afcb8]
Event: 3.150 Thread 0x00000000151fd000 1522       4       com.android.dx.cf.code.BaseMachine::storeResults (90 bytes)
Event: 3.171 Thread 0x00000000151fd000 nmethod 1522 0x00000000030b1090 code [0x00000000030b12c0, 0x00000000030b2150]
Event: 3.171 Thread 0x00000000151fd000 1523   !   4       com.android.dx.cf.code.RopperMachine::run (1550 bytes)
Event: 3.223 Thread 0x000000001684a000 1532       3       com.android.dx.dex.file.CodeItem::<init> (81 bytes)
Event: 3.224 Thread 0x000000001684a000 nmethod 1532 0x00000000030a38d0 code [0x00000000030a3a80, 0x00000000030a3f78]
Event: 3.225 Thread 0x000000001684a000 1533       3       java.util.concurrent.locks.LockSupport::setBlocker (12 bytes)
Event: 3.225 Thread 0x000000001684a000 nmethod 1533 0x00000000030a35d0 code [0x00000000030a3720, 0x00000000030a3870]

GC Heap History (6 events):
Event: 1.526 GC heap before
{Heap before GC invocations=1 (full 0):
 PSYoungGen      total 18944K, used 16384K [0x00000000eab00000, 0x00000000ec000000, 0x0000000100000000)
  eden space 16384K, 100% used [0x00000000eab00000,0x00000000ebb00000,0x00000000ebb00000)
  from space 2560K, 0% used [0x00000000ebd80000,0x00000000ebd80000,0x00000000ec000000)
  to   space 2560K, 0% used [0x00000000ebb00000,0x00000000ebb00000,0x00000000ebd80000)
 ParOldGen       total 44032K, used 0K [0x00000000c0000000, 0x00000000c2b00000, 0x00000000eab00000)
  object space 44032K, 0% used [0x00000000c0000000,0x00000000c0000000,0x00000000c2b00000)
 Metaspace       used 5706K, capacity 6704K, committed 6784K, reserved 1056768K
  class space    used 589K, capacity 616K, committed 640K, reserved 1048576K
Event: 1.538 GC heap after
Heap after GC invocations=1 (full 0):
 PSYoungGen      total 18944K, used 2528K [0x00000000eab00000, 0x00000000ec000000, 0x0000000100000000)
  eden space 16384K, 0% used [0x00000000eab00000,0x00000000eab00000,0x00000000ebb00000)
  from space 2560K, 98% used [0x00000000ebb00000,0x00000000ebd78288,0x00000000ebd80000)
  to   space 2560K, 0% used [0x00000000ebd80000,0x00000000ebd80000,0x00000000ec000000)
 ParOldGen       total 44032K, used 1648K [0x00000000c0000000, 0x00000000c2b00000, 0x00000000eab00000)
  object space 44032K, 3% used [0x00000000c0000000,0x00000000c019c3d0,0x00000000c2b00000)
 Metaspace       used 5706K, capacity 6704K, committed 6784K, reserved 1056768K
  class space    used 589K, capacity 616K, committed 640K, reserved 1048576K
}
Event: 1.972 GC heap before
{Heap before GC invocations=2 (full 0):
 PSYoungGen      total 18944K, used 18912K [0x00000000eab00000, 0x00000000ec000000, 0x0000000100000000)
  eden space 16384K, 100% used [0x00000000eab00000,0x00000000ebb00000,0x00000000ebb00000)
  from space 2560K, 98% used [0x00000000ebb00000,0x00000000ebd78288,0x00000000ebd80000)
  to   space 2560K, 0% used [0x00000000ebd80000,0x00000000ebd80000,0x00000000ec000000)
 ParOldGen       total 44032K, used 1648K [0x00000000c0000000, 0x00000000c2b00000, 0x00000000eab00000)
  object space 44032K, 3% used [0x00000000c0000000,0x00000000c019c3d0,0x00000000c2b00000)
 Metaspace       used 5951K, capacity 6960K, committed 7040K, reserved 1056768K
  class space    used 594K, capacity 616K, committed 640K, reserved 1048576K
Event: 2.134 GC heap after
Heap after GC invocations=2 (full 0):
 PSYoungGen      total 18944K, used 2544K [0x00000000eab00000, 0x00000000ed000000, 0x0000000100000000)
  eden space 16384K, 0% used [0x00000000eab00000,0x00000000eab00000,0x00000000ebb00000)
  from space 2560K, 99% used [0x00000000ebd80000,0x00000000ebffc278,0x00000000ec000000)
  to   space 2560K, 0% used [0x00000000ebb00000,0x00000000ebb00000,0x00000000ebd80000)
 ParOldGen       total 44032K, used 4504K [0x00000000c0000000, 0x00000000c2b00000, 0x00000000eab00000)
  object space 44032K, 10% used [0x00000000c0000000,0x00000000c04660c8,0x00000000c2b00000)
 Metaspace       used 5951K, capacity 6960K, committed 7040K, reserved 1056768K
  class space    used 594K, capacity 616K, committed 640K, reserved 1048576K
}
Event: 2.460 GC heap before
{Heap before GC invocations=3 (full 0):
 PSYoungGen      total 18944K, used 18928K [0x00000000eab00000, 0x00000000ed000000, 0x0000000100000000)
  eden space 16384K, 100% used [0x00000000eab00000,0x00000000ebb00000,0x00000000ebb00000)
  from space 2560K, 99% used [0x00000000ebd80000,0x00000000ebffc278,0x00000000ec000000)
  to   space 2560K, 0% used [0x00000000ebb00000,0x00000000ebb00000,0x00000000ebd80000)
 ParOldGen       total 44032K, used 4504K [0x00000000c0000000, 0x00000000c2b00000, 0x00000000eab00000)
  object space 44032K, 10% used [0x00000000c0000000,0x00000000c04660c8,0x00000000c2b00000)
 Metaspace       used 6095K, capacity 7088K, committed 7296K, reserved 1056768K
  class space    used 596K, capacity 616K, committed 640K, reserved 1048576K
Event: 2.834 GC heap after
Heap after GC invocations=3 (full 0):
 PSYoungGen      total 18944K, used 2537K [0x00000000eab00000, 0x00000000ed000000, 0x0000000100000000)
  eden space 16384K, 0% used [0x00000000eab00000,0x00000000eab00000,0x00000000ebb00000)
  from space 2560K, 99% used [0x00000000ebb00000,0x00000000ebd7a638,0x00000000ebd80000)
  to   space 2560K, 0% used [0x00000000ecd80000,0x00000000ecd80000,0x00000000ed000000)
 ParOldGen       total 44032K, used 7320K [0x00000000c0000000, 0x00000000c2b00000, 0x00000000eab00000)
  object space 44032K, 16% used [0x00000000c0000000,0x00000000c07262a8,0x00000000c2b00000)
 Metaspace       used 6095K, capacity 7088K, committed 7296K, reserved 1056768K
  class space    used 596K, capacity 616K, committed 640K, reserved 1048576K
}

Deoptimization events (10 events):
Event: 1.415 Thread 0x000000001698f800 Uncommon trap: reason=class_check action=maybe_recompile pc=0x0000000002d7abb8 method=com.android.dx.ssa.NormalSsaInsn.accept(Lcom/android/dx/ssa/SsaInsn$Visitor;)V @ 9
Event: 1.470 Thread 0x000000001698f800 Uncommon trap: reason=class_check action=maybe_recompile pc=0x0000000002d7abb8 method=com.android.dx.ssa.NormalSsaInsn.accept(Lcom/android/dx/ssa/SsaInsn$Visitor;)V @ 9
Event: 1.470 Thread 0x000000001698f800 Uncommon trap: reason=class_check action=maybe_recompile pc=0x0000000002d75c58 method=com.android.dx.ssa.NormalSsaInsn.accept(Lcom/android/dx/ssa/SsaInsn$Visitor;)V @ 9
Event: 1.470 Thread 0x000000001698f800 Uncommon trap: reason=class_check action=maybe_recompile pc=0x0000000002d75c58 method=com.android.dx.ssa.NormalSsaInsn.accept(Lcom/android/dx/ssa/SsaInsn$Visitor;)V @ 9
Event: 1.480 Thread 0x00000000029d0800 Uncommon trap: reason=unstable_if action=reinterpret pc=0x0000000002d031b0 method=java.util.BitSet.nextSetBit(I)I @ 87
Event: 1.566 Thread 0x0000000016997000 Uncommon trap: reason=null_check action=make_not_entrant pc=0x0000000002d7b35c method=com.android.dx.ssa.SsaRenamer.getLocalForNewReg(I)Lcom/android/dx/rop/code/LocalItem; @ 19
Event: 1.635 Thread 0x00000000029d0800 Uncommon trap: reason=unstable_if action=reinterpret pc=0x0000000002e69f1c method=com.android.dx.rop.cst.Constant.compareTo(Lcom/android/dx/rop/cst/Constant;)I @ 12
Event: 1.840 Thread 0x00000000029d0800 Uncommon trap: reason=bimorphic action=maybe_recompile pc=0x0000000002d21b94 method=java.util.HashMap.getNode(ILjava/lang/Object;)Ljava/util/HashMap$Node; @ 126
Event: 1.840 Thread 0x00000000029d0800 Uncommon trap: reason=class_check action=maybe_recompile pc=0x0000000002f3cfc8 method=java.util.HashMap.putVal(ILjava/lang/Object;Ljava/lang/Object;ZZ)Ljava/lang/Object; @ 203
Event: 2.337 Thread 0x000000001698f800 Uncommon trap: reason=unstable_if action=reinterpret pc=0x0000000002f2205c method=com.android.dx.ssa.SsaMethod.updateOneDefinition(Lcom/android/dx/ssa/SsaInsn;Lcom/android/dx/rop/code/RegisterSpec;)V @ 4

Internal exceptions (3 events):
Event: 0.104 Thread 0x00000000029d0800 Exception <a 'java/lang/NoSuchMethodError': Method sun.misc.Unsafe.defineClass(Ljava/lang/String;[BII)Ljava/lang/Class; name or signature does not match> (0x00000000eab07cc0) thrown at [C:\re\workspace\8-2-build-windows-amd64-cygwin\jdk8u101\7261\hotspot\sœ Ôø“º?
Event: 0.104 Thread 0x00000000029d0800 Exception <a 'java/lang/NoSuchMethodError': Method sun.misc.Unsafe.prefetchRead(Ljava/lang/Object;J)V name or signature does not match> (0x00000000eab07fa8) thrown at [C:\re\workspace\8-2-build-windows-amd64-cygwin\jdk8u101\7261\hotspot\src\share\vm\prims\P™Í©…ù?
Event: 1.566 Thread 0x0000000016997000 Implicit null exception at 0x0000000002d79b6b to 0x0000000002d7b311

Events (10 events):
Event: 2.410 Executing VM operation: ParallelGCFailedAllocation
Event: 2.834 Executing VM operation: ParallelGCFailedAllocation done
Event: 2.880 Thread 0x0000000016996800 Thread exited: 0x0000000016996800
Event: 2.960 Thread 0x000000001698f800 Thread exited: 0x000000001698f800
Event: 2.972 Thread 0x0000000016997000 Thread exited: 0x0000000016997000
Event: 3.225 Thread 0x000000001698b000 Thread exited: 0x000000001698b000
Event: 3.226 loading class com/android/dx/command/dexer/Main$DexWriter
Event: 3.226 loading class com/android/dx/command/dexer/Main$DexWriter done
Event: 3.227 Thread 0x000000001698b000 Thread added: 0x000000001698b000
Event: 3.227 Thread 0x000000001698a000 Thread exited: 0x000000001698a000


Dynamic libraries:
0x00007ff718320000 - 0x00007ff718357000 	C:\Program Files\Java\jdk1.8.0_101\bin\java.exe
0x00007ffbfa210000 - 0x00007ffbfa3bd000 	C:\Windows\SYSTEM32\ntdll.dll
0x00007ffbf7bf0000 - 0x00007ffbf7d2e000 	C:\Windows\system32\KERNEL32.DLL
0x00007ffbf7770000 - 0x00007ffbf7885000 	C:\Windows\system32\KERNELBASE.dll
0x00007ffbf5ef0000 - 0x00007ffbf5f7e000 	C:\Windows\system32\apphelp.dll
0x00007ffbe8080000 - 0x00007ffbe80d3000 	C:\Windows\AppPatch\AppPatch64\AcGenral.DLL
0x00007ffbf82d0000 - 0x00007ffbf837a000 	C:\Windows\system32\msvcrt.dll
0x00007ffbf74b0000 - 0x00007ffbf74de000 	C:\Windows\system32\SspiCli.dll
0x00007ffbf9ec0000 - 0x00007ffbf9f14000 	C:\Windows\system32\SHLWAPI.dll
0x00007ffbf7a70000 - 0x00007ffbf7be7000 	C:\Windows\system32\USER32.dll
0x00007ffbf8130000 - 0x00007ffbf82c4000 	C:\Windows\system32\ole32.dll
0x00007ffbf87c0000 - 0x00007ffbf9ce8000 	C:\Windows\system32\SHELL32.dll
0x00007ffbf6970000 - 0x00007ffbf6991000 	C:\Windows\SYSTEM32\USERENV.dll
0x00007ffbf9cf0000 - 0x00007ffbf9d9a000 	C:\Windows\system32\ADVAPI32.dll
0x00007ffbefef0000 - 0x00007ffbeff0e000 	C:\Windows\SYSTEM32\MPR.dll
0x00007ffbf9f20000 - 0x00007ffbfa060000 	C:\Windows\system32\RPCRT4.dll
0x00007ffbfa060000 - 0x00007ffbfa0b9000 	C:\Windows\SYSTEM32\sechost.dll
0x00007ffbf85a0000 - 0x00007ffbf87b1000 	C:\Windows\SYSTEM32\combase.dll
0x00007ffbfa0c0000 - 0x00007ffbfa20f000 	C:\Windows\system32\GDI32.dll
0x00007ffbf7330000 - 0x00007ffbf7345000 	C:\Windows\SYSTEM32\profapi.dll
0x00007ffbf5770000 - 0x00007ffbf5822000 	C:\Windows\SYSTEM32\SHCORE.dll
0x00007ffbf9e80000 - 0x00007ffbf9eb6000 	C:\Windows\system32\IMM32.DLL
0x00007ffbf7fb0000 - 0x00007ffbf8102000 	C:\Windows\system32\MSCTF.dll
0x00007ffbf5010000 - 0x00007ffbf528b000 	C:\Windows\WinSxS\amd64_microsoft.windows.common-controls_6595b64144ccf1df_6.0.9600.18006_none_623f33d3ecbe86e8\COMCTL32.dll
0x0000000053880000 - 0x0000000053952000 	C:\Program Files\Java\jdk1.8.0_101\jre\bin\msvcr100.dll
0x0000000052fe0000 - 0x000000005387a000 	C:\Program Files\Java\jdk1.8.0_101\jre\bin\server\jvm.dll
0x00007ffbe6ce0000 - 0x00007ffbe6ce9000 	C:\Windows\SYSTEM32\WSOCK32.dll
0x00007ffbf1860000 - 0x00007ffbf1882000 	C:\Windows\SYSTEM32\WINMM.dll
0x00007ffbf0850000 - 0x00007ffbf085a000 	C:\Windows\SYSTEM32\VERSION.dll
0x00007ffbf7e20000 - 0x00007ffbf7e27000 	C:\Windows\system32\PSAPI.DLL
0x00007ffbf7dc0000 - 0x00007ffbf7e1a000 	C:\Windows\system32\WS2_32.dll
0x00007ffbf1830000 - 0x00007ffbf185a000 	C:\Windows\SYSTEM32\WINMMBASE.dll
0x00007ffbf7d40000 - 0x00007ffbf7d49000 	C:\Windows\system32\NSI.dll
0x00007ffbf76c0000 - 0x00007ffbf770f000 	C:\Windows\SYSTEM32\cfgmgr32.dll
0x00007ffbf6150000 - 0x00007ffbf6178000 	C:\Windows\SYSTEM32\DEVOBJ.dll
0x0000000052fd0000 - 0x0000000052fdf000 	C:\Program Files\Java\jdk1.8.0_101\jre\bin\verify.dll
0x0000000052fa0000 - 0x0000000052fc9000 	C:\Program Files\Java\jdk1.8.0_101\jre\bin\java.dll
0x0000000052f80000 - 0x0000000052f96000 	C:\Program Files\Java\jdk1.8.0_101\jre\bin\zip.dll

VM Arguments:
jvm_args: -Djava.awt.headless=true -Xmx1024M -Dfile.encoding=x-windows-949 -Duser.country=KR -Duser.language=ko -Duser.variant 
java_command: com.android.dx.command.Main --dex --force-jumbo --num-threads=4 --multi-dex --output C:\smartapp\namook\Mylocation\app\build\intermediates\transforms\dex\debug\folders\1000\10\com.android.support-support-core-utils-25.1.0_72b5d0bdc011299db37bccdebae06865fe437dd9 C:\smartapp\namook\Mylocation\app\build\intermediates\exploded-aar\com.android.support\support-core-utils\25.1.0\jars\classes.jar
java_class_path (initial): C:\Users\woong\AppData\Local\Android\sdk\build-tools\25.0.2\lib\dx.jar
Launcher Type: SUN_STANDARD

Environment Variables:
PATH=C:\ProgramData\Oracle\Java\javapath;C:\Windows\system32;C:\Windows;C:\Windows\System32\Wbem;C:\Windows\System32\WindowsPowerShell\v1.0\;C:\Program Files\Microsoft SQL Server\120\Tools\Binn\;C:\Program Files\Microsoft SQL Server\130\Tools\Binn\;C:\Program Files (x86)\Windows Kits\8.1\Windows Performance Toolkit\;C:\Program Files\Microsoft SQL Server\110\Tools\Binn\;C:\Program Files\nodejs\;C:\Program Files\Java\jdk1.8.0_111\bin;C:\Android\sdks;C:\Android\sdks\platform-tools;C:\Users\woong\android-sdks;C:\Program Files\Git\cmd;C:\Program Files\Java\jdk1.8.0_101\bin;C:\Users\woong\AppData\Local\atom\bin;C:\Users\woong\AppData\Roaming\npm;C:\Program Files\Java\jdk1.8.0_111\bin;C:\Android\sdk;C:\Android\sdk\platform-tools;C:\Users\woong\android-sdks;C:\Program Files (x86)\ESTsoft\ALSee\x64
USERNAME=woong
OS=Windows_NT
PROCESSOR_IDENTIFIER=Intel64 Family 6 Model 78 Stepping 3, GenuineIntel



---------------  S Y S T E M  ---------------

OS: Windows 8.1 , 64 bit Build 9600 (6.3.9600.17415)

CPU:total 4 (2 cores per cpu, 2 threads per core) family 6 model 78 stepping 3, cmov, cx8, fxsr, mmx, sse, sse2, sse3, ssse3, sse4.1, sse4.2, popcnt, avx, avx2, aes, clmul, erms, 3dnowpref, lzcnt, ht, tsc, tscinvbit, bmi1, bmi2, adx

Memory: 4k page, physical 4090880k(250732k free), swap 7236608k(5076k free)

vm_info: Java HotSpot(TM) 64-Bit Server VM (25.101-b13) for windows-amd64 JRE (1.8.0_101-b13), built on Jun 22 2016 01:21:29 by "java_re" with MS VC++ 10.0 (VS2010)

time: Tue May 02 00:28:35 2017
elapsed time: 3 seconds (0d 0h 0m 3s)

